<?xml version="1.0" encoding="UTF-8"?>
<!-- Generated by org.testng.reporters.JUnitReportReporter -->
<testsuite skipped="0" hostname="W57" name="DemoPack.DemoProject.TC_001" tests="1" failures="0" timestamp="01 Aug 2018 14:15:40 GMT" time="22.836" errors="0">
  <testcase name="customerRegistration" time="22.836" classname="DemoPack.DemoProject.TC_001"/>
</testsuite> <!-- DemoPack.DemoProject.TC_001 -->
